2024-01-15 11:01:31 Loading main app package /usr/lib/obsidian/obsidian.asar
2024-01-15 11:01:32 Checking for update using Github
2024-01-15 11:01:32 Success.
2024-01-15 11:01:32 Latest version is 1.5.3
2024-01-15 11:01:32 App is up to date.
2024-05-01 15:46:23 Loading main app package /usr/lib/obsidian/obsidian.asar
2024-05-01 15:46:23 Checking for update using Github
2024-05-01 15:46:23 Success.
2024-05-01 15:46:23 Latest version is 1.5.12
2024-05-01 15:46:23 Downloading update from https://github.com/obsidianmd/obsidian-releases/releases/download/v1.5.12/obsidian-1.5.12.asar.gz
2024-05-01 15:46:25 Verifying hash & signature. Size= 8781526
2024-05-01 15:46:25 Saving file
2024-05-01 15:46:25 Update complete.
2024-05-02 07:08:20 Loading updated app package /home/sam0verfl0w/.config/obsidian/obsidian-1.5.12.asar
2024-05-02 07:08:20 Checking for update using Github
2024-05-02 07:08:20 Success.
2024-05-02 07:08:20 Latest version is 1.5.12
2024-05-02 07:08:20 App is up to date.
2024-05-10 08:58:07 Loading updated app package /home/sam0verfl0w/.config/obsidian/obsidian-1.5.12.asar
2024-05-10 08:58:07 Checking for update using Github
2024-05-10 08:58:07 Success.
2024-05-10 08:58:07 Latest version is 1.5.12
2024-05-10 08:58:07 App is up to date.
2024-05-10 09:02:14 Loading updated app package /home/sam0verfl0w/.config/obsidian/obsidian-1.5.12.asar
2024-05-10 09:02:14 Checking for update using Github
2024-05-10 09:02:14 Success.
2024-05-10 09:02:14 Latest version is 1.5.12
2024-05-10 09:02:14 App is up to date.
2024-05-10 11:33:56 Loading updated app package /home/sam0verfl0w/.config/obsidian/obsidian-1.5.12.asar
2024-05-10 11:33:57 Checking for update using Github
2024-05-10 11:33:57 Success.
2024-05-10 11:33:57 Latest version is 1.5.12
2024-05-10 11:33:57 App is up to date.
2024-05-10 12:33:57 Checking for update using Github
2024-05-10 12:33:57 Success.
2024-05-10 12:33:57 Latest version is 1.5.12
2024-05-10 12:33:57 App is up to date.
2024-05-10 13:33:57 Checking for update using Github
2024-05-10 13:33:57 Success.
2024-05-10 13:33:57 Latest version is 1.5.12
2024-05-10 13:33:57 App is up to date.
2024-05-11 05:45:25 Loading updated app package /home/sam0verfl0w/.config/obsidian/obsidian-1.5.12.asar
2024-05-11 05:45:25 Checking for update using Github
2024-05-11 05:45:25 Success.
2024-05-11 05:45:25 Latest version is 1.5.12
2024-05-11 05:45:25 App is up to date.
2024-05-11 14:47:10 Loading updated app package /home/sam0verfl0w/.config/obsidian/obsidian-1.5.12.asar
2024-05-11 14:47:10 Checking for update using Github
2024-05-11 14:47:10 Success.
2024-05-11 14:47:10 Latest version is 1.5.12
2024-05-11 14:47:10 App is up to date.
2024-05-11 15:47:10 Checking for update using Github
2024-05-11 15:47:10 Success.
2024-05-11 15:47:10 Latest version is 1.5.12
2024-05-11 15:47:10 App is up to date.
2024-05-12 10:58:46 Loading updated app package /home/sam0verfl0w/.config/obsidian/obsidian-1.5.12.asar
2024-05-12 10:58:47 Checking for update using Github
2024-05-12 10:58:47 Success.
2024-05-12 10:58:47 Latest version is 1.5.12
2024-05-12 10:58:47 App is up to date.
2024-05-12 16:39:29 Loading updated app package /home/sam0verfl0w/.config/obsidian/obsidian-1.5.12.asar
2024-05-12 16:39:29 Checking for update using Github
2024-05-12 16:39:30 Success.
2024-05-12 16:39:30 Latest version is 1.5.12
2024-05-12 16:39:30 App is up to date.
2024-05-12 16:40:21 Loading updated app package /home/sam0verfl0w/.config/obsidian/obsidian-1.5.12.asar
2024-05-12 16:40:21 Checking for update using Github
2024-05-12 16:40:21 Success.
2024-05-12 16:40:21 Latest version is 1.5.12
2024-05-12 16:40:21 App is up to date.
2024-05-12 21:01:11 Loading updated app package /home/sam0verfl0w/.config/obsidian/obsidian-1.5.12.asar
2024-05-12 21:01:12 Checking for update using Github
2024-05-12 21:01:12 Success.
2024-05-12 21:01:12 Latest version is 1.5.12
2024-05-12 21:01:12 App is up to date.
2024-05-13 07:13:54 Loading updated app package /home/sam0verfl0w/.config/obsidian/obsidian-1.5.12.asar
2024-05-13 07:13:54 Checking for update using Github
2024-05-13 07:13:55 Success.
2024-05-13 07:13:55 Latest version is 1.5.12
2024-05-13 07:13:55 App is up to date.
2024-05-13 08:13:54 Checking for update using Github
2024-05-13 08:13:54 Success.
2024-05-13 08:13:54 Latest version is 1.5.12
2024-05-13 08:13:54 App is up to date.
2024-05-13 09:13:54 Checking for update using Github
2024-05-13 09:13:54 Success.
2024-05-13 09:13:54 Latest version is 1.5.12
2024-05-13 09:13:54 App is up to date.
2024-05-13 10:13:54 Checking for update using Github
2024-05-13 10:13:54 Success.
2024-05-13 10:13:54 Latest version is 1.5.12
2024-05-13 10:13:54 App is up to date.
2024-05-13 11:13:54 Checking for update using Github
2024-05-13 11:13:54 Failed to check for update using Github (net::ERR_INTERNET_DISCONNECTED)
2024-05-13 11:13:54 Checking for update using obsidian.md
2024-05-13 11:13:54 Failed to check for update using obsidian.md (net::ERR_INTERNET_DISCONNECTED)
2024-05-13 13:39:41 Loading updated app package /home/sam0verfl0w/.config/obsidian/obsidian-1.5.12.asar
2024-05-13 13:39:41 Checking for update using Github
2024-05-13 13:39:41 Success.
2024-05-13 13:39:41 Latest version is 1.5.12
2024-05-13 13:39:41 App is up to date.
2024-05-13 14:39:41 Checking for update using Github
2024-05-13 14:39:42 Success.
2024-05-13 14:39:42 Latest version is 1.5.12
2024-05-13 14:39:42 App is up to date.
2024-05-14 09:26:08 Loading updated app package /home/sam0verfl0w/.config/obsidian/obsidian-1.5.12.asar
2024-05-14 09:26:09 Checking for update using Github
2024-05-14 09:26:09 Success.
2024-05-14 09:26:09 Latest version is 1.5.12
2024-05-14 09:26:09 App is up to date.
2024-05-15 11:58:12 Loading updated app package /home/sam0verfl0w/.config/obsidian/obsidian-1.5.12.asar
2024-05-15 11:58:12 Checking for update using Github
2024-05-15 11:58:13 Success.
2024-05-15 11:58:13 Latest version is 1.5.12
2024-05-15 11:58:13 App is up to date.
2024-05-15 12:58:12 Checking for update using Github
2024-05-15 12:58:13 Success.
2024-05-15 12:58:13 Latest version is 1.5.12
2024-05-15 12:58:13 App is up to date.
2024-05-15 13:58:12 Checking for update using Github
2024-05-15 13:58:12 Success.
2024-05-15 13:58:12 Latest version is 1.5.12
2024-05-15 13:58:12 App is up to date.
2024-05-15 19:14:47 Loading updated app package /home/sam0verfl0w/.config/obsidian/obsidian-1.5.12.asar
2024-05-15 19:14:48 Checking for update using Github
2024-05-15 19:14:48 Success.
2024-05-15 19:14:48 Latest version is 1.5.12
2024-05-15 19:14:48 App is up to date.
2024-05-15 20:14:47 Checking for update using Github
2024-05-15 20:14:48 Success.
2024-05-15 20:14:48 Latest version is 1.5.12
2024-05-15 20:14:48 App is up to date.
2024-05-15 21:14:48 Checking for update using Github
2024-05-15 21:14:48 Success.
2024-05-15 21:14:48 Latest version is 1.5.12
2024-05-15 21:14:48 App is up to date.
2024-05-15 22:14:48 Checking for update using Github
2024-05-15 22:14:48 Success.
2024-05-15 22:14:48 Latest version is 1.5.12
2024-05-15 22:14:48 App is up to date.
2024-05-15 23:14:48 Checking for update using Github
2024-05-15 23:14:48 Success.
2024-05-15 23:14:48 Latest version is 1.5.12
2024-05-15 23:14:48 App is up to date.
2024-05-16 07:01:50 Loading updated app package /home/sam0verfl0w/.config/obsidian/obsidian-1.5.12.asar
2024-05-16 07:01:51 Checking for update using Github
2024-05-16 07:01:51 Success.
2024-05-16 07:01:51 Latest version is 1.5.12
2024-05-16 07:01:51 App is up to date.
2024-05-16 08:01:50 Checking for update using Github
2024-05-16 08:01:52 Success.
2024-05-16 08:01:52 Latest version is 1.5.12
2024-05-16 08:01:52 App is up to date.
2024-05-16 09:01:51 Checking for update using Github
2024-05-16 09:01:56 Success.
2024-05-16 09:01:56 Latest version is 1.5.12
2024-05-16 09:01:56 App is up to date.
2024-05-16 10:01:51 Checking for update using Github
2024-05-16 10:01:51 Success.
2024-05-16 10:01:51 Latest version is 1.5.12
2024-05-16 10:01:51 App is up to date.
2024-05-16 11:01:51 Checking for update using Github
2024-05-16 11:01:51 Failed to check for update using Github (net::ERR_INTERNET_DISCONNECTED)
2024-05-16 11:01:51 Checking for update using obsidian.md
2024-05-16 11:01:51 Failed to check for update using obsidian.md (net::ERR_INTERNET_DISCONNECTED)
2024-05-16 12:01:51 Checking for update using Github
2024-05-16 12:01:51 Success.
2024-05-16 12:01:51 Latest version is 1.5.12
2024-05-16 12:01:51 App is up to date.
2024-05-16 13:01:51 Checking for update using Github
2024-05-16 13:01:51 Success.
2024-05-16 13:01:51 Latest version is 1.5.12
2024-05-16 13:01:51 App is up to date.
2024-05-16 14:01:51 Checking for update using Github
2024-05-16 14:01:51 Failed to check for update using Github (net::ERR_INTERNET_DISCONNECTED)
2024-05-16 14:01:51 Checking for update using obsidian.md
2024-05-16 14:01:51 Failed to check for update using obsidian.md (net::ERR_INTERNET_DISCONNECTED)
2024-05-17 05:44:05 Loading updated app package /home/sam0verfl0w/.config/obsidian/obsidian-1.5.12.asar
2024-05-17 05:44:06 Checking for update using Github
2024-05-17 05:44:06 Success.
2024-05-17 05:44:06 Latest version is 1.5.12
2024-05-17 05:44:06 App is up to date.
2024-05-17 05:44:53 Loading updated app package /home/sam0verfl0w/.config/obsidian/obsidian-1.5.12.asar
2024-05-17 05:44:53 Checking for update using Github
2024-05-17 05:44:53 Success.
2024-05-17 05:44:53 Latest version is 1.5.12
2024-05-17 05:44:53 App is up to date.
2024-05-17 05:45:44 Loading updated app package /home/sam0verfl0w/.config/obsidian/obsidian-1.5.12.asar
2024-05-17 05:45:44 Checking for update using Github
2024-05-17 05:45:45 Success.
2024-05-17 05:45:45 Latest version is 1.5.12
2024-05-17 05:45:45 App is up to date.
2024-05-17 07:40:58 Loading updated app package /home/sam0verfl0w/.config/obsidian/obsidian-1.5.12.asar
2024-05-17 07:40:59 Checking for update using Github
2024-05-17 07:40:59 Success.
2024-05-17 07:40:59 Latest version is 1.5.12
2024-05-17 07:40:59 App is up to date.
2024-05-17 08:37:43 Loading updated app package /home/sam0verfl0w/.config/obsidian/obsidian-1.5.12.asar
2024-05-17 08:37:43 Checking for update using Github
2024-05-17 08:37:44 Success.
2024-05-17 08:37:44 Latest version is 1.5.12
2024-05-17 08:37:44 App is up to date.
2024-05-17 09:37:43 Checking for update using Github
2024-05-17 09:37:43 Success.
2024-05-17 09:37:43 Latest version is 1.5.12
2024-05-17 09:37:43 App is up to date.
2024-05-17 10:37:43 Checking for update using Github
2024-05-17 10:37:43 Success.
2024-05-17 10:37:43 Latest version is 1.5.12
2024-05-17 10:37:43 App is up to date.
2024-05-17 11:37:43 Checking for update using Github
2024-05-17 11:37:43 Success.
2024-05-17 11:37:43 Latest version is 1.5.12
2024-05-17 11:37:43 App is up to date.
2024-05-17 12:37:43 Checking for update using Github
2024-05-17 12:37:44 Success.
2024-05-17 12:37:44 Latest version is 1.5.12
2024-05-17 12:37:44 App is up to date.
2024-05-17 13:37:44 Checking for update using Github
2024-05-17 13:37:44 Success.
2024-05-17 13:37:44 Latest version is 1.5.12
2024-05-17 13:37:44 App is up to date.
2024-05-18 09:11:54 Loading updated app package /home/sam0verfl0w/.config/obsidian/obsidian-1.5.12.asar
2024-05-18 09:11:54 Checking for update using Github
2024-05-18 09:11:59 Success.
2024-05-18 09:11:59 Latest version is 1.5.12
2024-05-18 09:11:59 App is up to date.
2024-05-18 10:11:54 Checking for update using Github
2024-05-18 10:11:54 Success.
2024-05-18 10:11:54 Latest version is 1.5.12
2024-05-18 10:11:54 App is up to date.
2024-05-18 11:11:54 Checking for update using Github
2024-05-18 11:11:54 Success.
2024-05-18 11:11:54 Latest version is 1.5.12
2024-05-18 11:11:54 App is up to date.
2024-05-18 12:11:54 Checking for update using Github
2024-05-18 12:11:54 Success.
2024-05-18 12:11:54 Latest version is 1.5.12
2024-05-18 12:11:54 App is up to date.
2024-05-18 13:11:54 Checking for update using Github
2024-05-18 13:11:54 Success.
2024-05-18 13:11:54 Latest version is 1.5.12
2024-05-18 13:11:54 App is up to date.
2024-05-18 13:56:52 Loading updated app package /home/sam0verfl0w/.config/obsidian/obsidian-1.5.12.asar
2024-05-18 13:56:52 Checking for update using Github
2024-05-18 13:56:53 Success.
2024-05-18 13:56:53 Latest version is 1.5.12
2024-05-18 13:56:53 App is up to date.
2024-05-19 11:21:49 Loading updated app package /home/sam0verfl0w/.config/obsidian/obsidian-1.5.12.asar
2024-05-19 11:21:49 Checking for update using Github
2024-05-19 11:21:49 Success.
2024-05-19 11:21:49 Latest version is 1.5.12
2024-05-19 11:21:49 App is up to date.
2024-05-19 12:21:49 Checking for update using Github
2024-05-19 12:21:49 Success.
2024-05-19 12:21:49 Latest version is 1.5.12
2024-05-19 12:21:49 App is up to date.
2024-05-19 13:21:49 Checking for update using Github
2024-05-19 13:21:49 Success.
2024-05-19 13:21:49 Latest version is 1.5.12
2024-05-19 13:21:49 App is up to date.
2024-05-19 14:21:49 Checking for update using Github
2024-05-19 14:21:49 Success.
2024-05-19 14:21:49 Latest version is 1.5.12
2024-05-19 14:21:49 App is up to date.
2024-05-19 15:21:49 Checking for update using Github
2024-05-19 15:21:49 Success.
2024-05-19 15:21:49 Latest version is 1.5.12
2024-05-19 15:21:49 App is up to date.
2024-05-19 16:21:49 Checking for update using Github
2024-05-19 16:21:49 Success.
2024-05-19 16:21:49 Latest version is 1.5.12
2024-05-19 16:21:49 App is up to date.
2024-05-19 17:21:49 Checking for update using Github
2024-05-19 17:21:49 Success.
2024-05-19 17:21:49 Latest version is 1.5.12
2024-05-19 17:21:49 App is up to date.
2024-05-19 18:21:49 Checking for update using Github
2024-05-19 18:21:49 Success.
2024-05-19 18:21:49 Latest version is 1.5.12
2024-05-19 18:21:49 App is up to date.
2024-05-19 19:21:49 Checking for update using Github
2024-05-19 19:21:49 Success.
2024-05-19 19:21:49 Latest version is 1.5.12
2024-05-19 19:21:49 App is up to date.
2024-05-20 06:55:54 Loading updated app package /home/sam0verfl0w/.config/obsidian/obsidian-1.5.12.asar
2024-05-20 06:55:55 Checking for update using Github
2024-05-20 06:55:55 Success.
2024-05-20 06:55:55 Latest version is 1.5.12
2024-05-20 06:55:55 App is up to date.
2024-05-20 07:55:54 Checking for update using Github
2024-05-20 07:55:54 Success.
2024-05-20 07:55:54 Latest version is 1.5.12
2024-05-20 07:55:54 App is up to date.
2024-05-20 08:55:54 Checking for update using Github
2024-05-20 08:55:55 Success.
2024-05-20 08:55:55 Latest version is 1.5.12
2024-05-20 08:55:55 App is up to date.
2024-05-20 09:55:54 Checking for update using Github
2024-05-20 09:55:55 Success.
2024-05-20 09:55:55 Latest version is 1.5.12
2024-05-20 09:55:55 App is up to date.
2024-05-20 10:55:54 Checking for update using Github
2024-05-20 10:55:55 Success.
2024-05-20 10:55:55 Latest version is 1.5.12
2024-05-20 10:55:55 App is up to date.
2024-05-20 11:20:51 Loading updated app package /home/sam0verfl0w/.config/obsidian/obsidian-1.5.12.asar
2024-05-20 11:20:52 Checking for update using Github
2024-05-20 11:20:52 Success.
2024-05-20 11:20:52 Latest version is 1.5.12
2024-05-20 11:20:52 App is up to date.
2024-05-20 12:20:52 Checking for update using Github
2024-05-20 12:20:52 Success.
2024-05-20 12:20:52 Latest version is 1.5.12
2024-05-20 12:20:52 App is up to date.
2024-05-20 13:20:52 Checking for update using Github
2024-05-20 13:20:52 Success.
2024-05-20 13:20:52 Latest version is 1.5.12
2024-05-20 13:20:52 App is up to date.
2024-05-20 14:20:52 Checking for update using Github
2024-05-20 14:20:52 Success.
2024-05-20 14:20:52 Latest version is 1.5.12
2024-05-20 14:20:52 App is up to date.
2024-05-21 08:08:00 Loading updated app package /home/sam0verfl0w/.config/obsidian/obsidian-1.5.12.asar
2024-05-21 08:08:00 Checking for update using Github
2024-05-21 08:08:01 Success.
2024-05-21 08:08:01 Latest version is 1.5.12
2024-05-21 08:08:01 App is up to date.
2024-05-21 09:08:00 Checking for update using Github
2024-05-21 09:08:00 Success.
2024-05-21 09:08:00 Latest version is 1.5.12
2024-05-21 09:08:00 App is up to date.
2024-05-21 10:08:00 Checking for update using Github
2024-05-21 10:08:00 Success.
2024-05-21 10:08:00 Latest version is 1.5.12
2024-05-21 10:08:00 App is up to date.
2024-05-21 11:08:00 Checking for update using Github
2024-05-21 11:08:01 Success.
2024-05-21 11:08:01 Latest version is 1.5.12
2024-05-21 11:08:01 App is up to date.
2024-05-21 12:08:00 Checking for update using Github
2024-05-21 12:08:01 Success.
2024-05-21 12:08:01 Latest version is 1.5.12
2024-05-21 12:08:01 App is up to date.
2024-05-22 06:46:22 Loading updated app package /home/sam0verfl0w/.config/obsidian/obsidian-1.5.12.asar
2024-05-22 06:46:22 Checking for update using Github
2024-05-22 06:46:24 Success.
2024-05-22 06:46:24 Latest version is 1.5.12
2024-05-22 06:46:24 App is up to date.
2024-06-02 07:19:37 Loading updated app package /home/sam0verfl0w/.config/obsidian/obsidian-1.5.12.asar
2024-06-02 07:19:38 Checking for update using Github
2024-06-02 07:19:38 Success.
2024-06-02 07:19:38 Latest version is 1.5.12
2024-06-02 07:19:38 App is up to date.
